[ 2018-04-18T19:34:03+08:00 ] 127.0.0.1 /FindWord/Login/login
INFO: [ app_init ] --START--
INFO: Run Behavior\BuildLiteBehavior [ RunTime:0.000009s ]
INFO: [ app_init ] --END-- [ RunTime:0.000266s ]
ERR: 1146:Table 'kuaiyu_method.find_word_users' doesn't exist
 [ SQL语句 ] : SHOW COLUMNS FROM `find_word_users`
ERR: 1146:Table 'kuaiyu_method.find_word_users' doesn't exist
 [ SQL语句 ] : SHOW COLUMNS FROM `find_word_users`

[ 2018-04-18T19:34:21+08:00 ] 127.0.0.1 /FindWord/Login/login
INFO: [ app_init ] --START--
INFO: Run Behavior\BuildLiteBehavior [ RunTime:0.000008s ]
INFO: [ app_init ] --END-- [ RunTime:0.000202s ]

[ 2018-04-18T19:49:29+08:00 ] 127.0.0.1 /FindWord/Login/login
INFO: [ app_init ] --START--
INFO: Run Behavior\BuildLiteBehavior [ RunTime:0.000007s ]
INFO: [ app_init ] --END-- [ RunTime:0.000276s ]

[ 2018-04-18T19:50:01+08:00 ] 127.0.0.1 /FindWord/Login/login
INFO: [ app_init ] --START--
INFO: Run Behavior\BuildLiteBehavior [ RunTime:0.000007s ]
INFO: [ app_init ] --END-- [ RunTime:0.000203s ]
ERR: 1062:Duplicate entry 'openid' for key 'openid'
 [ SQL语句 ] : INSERT INTO `find_word_users` (`name`,`openid`,`avatar_url`,`login_time`) VALUES ('名字','openid','头像URL','1524052201')
ERR: 1062:Duplicate entry 'openid' for key 'openid'
 [ SQL语句 ] : INSERT INTO `find_word_users` (`name`,`openid`,`avatar_url`,`login_time`) VALUES ('名字','openid','头像URL','1524052201')

[ 2018-04-18T19:51:51+08:00 ] 127.0.0.1 /FindWord/Login/login
INFO: [ app_init ] --START--
INFO: Run Behavior\BuildLiteBehavior [ RunTime:0.000010s ]
INFO: [ app_init ] --END-- [ RunTime:0.000339s ]
ERR: 1364:Field 'uid' doesn't have a default value
 [ SQL语句 ] : INSERT INTO `find_word_user_game` (`nickname`,`login_time`) VALUES ('名字','1524052311')
ERR: 1364:Field 'uid' doesn't have a default value
 [ SQL语句 ] : INSERT INTO `find_word_user_game` (`nickname`,`login_time`) VALUES ('名字','1524052311')

[ 2018-04-18T19:53:03+08:00 ] 127.0.0.1 /FindWord/Login/login
INFO: [ app_init ] --START--
INFO: Run Behavior\BuildLiteBehavior [ RunTime:0.000009s ]
INFO: [ app_init ] --END-- [ RunTime:0.000221s ]
ERR: 1364:Field 'uid' doesn't have a default value
 [ SQL语句 ] : INSERT INTO `find_word_user_game` (`nickname`,`login_time`) VALUES ('名字','1524052383')
ERR: 1364:Field 'uid' doesn't have a default value
 [ SQL语句 ] : INSERT INTO `find_word_user_game` (`nickname`,`login_time`) VALUES ('名字','1524052383')

[ 2018-04-18T19:53:31+08:00 ] 127.0.0.1 /FindWord/Login/login
INFO: [ app_init ] --START--
INFO: Run Behavior\BuildLiteBehavior [ RunTime:0.000007s ]
INFO: [ app_init ] --END-- [ RunTime:0.000198s ]
ERR: 1062:Duplicate entry 'openid' for key 'openid'
 [ SQL语句 ] : INSERT INTO `find_word_users` (`name`,`openid`,`avatar_url`,`login_time`) VALUES ('名字','openid','头像URL','1524052411')
ERR: 1062:Duplicate entry 'openid' for key 'openid'
 [ SQL语句 ] : INSERT INTO `find_word_users` (`name`,`openid`,`avatar_url`,`login_time`) VALUES ('名字','openid','头像URL','1524052411')

[ 2018-04-18T19:54:32+08:00 ] 127.0.0.1 /FindWord/Login/login
INFO: [ app_init ] --START--
INFO: Run Behavior\BuildLiteBehavior [ RunTime:0.000008s ]
INFO: [ app_init ] --END-- [ RunTime:0.000299s ]
ERR: 1062:Duplicate entry 'openid' for key 'openid'
 [ SQL语句 ] : INSERT INTO `find_word_users` (`name`,`openid`,`avatar_url`,`login_time`) VALUES ('名字','openid','头像URL','1524052472')
ERR: 1062:Duplicate entry 'openid' for key 'openid'
 [ SQL语句 ] : INSERT INTO `find_word_users` (`name`,`openid`,`avatar_url`,`login_time`) VALUES ('名字','openid','头像URL','1524052472')

[ 2018-04-18T19:54:57+08:00 ] 127.0.0.1 /FindWord/Login/login
INFO: [ app_init ] --START--
INFO: Run Behavior\BuildLiteBehavior [ RunTime:0.000022s ]
INFO: [ app_init ] --END-- [ RunTime:0.000265s ]
ERR: 1062:Duplicate entry 'openid' for key 'openid'
 [ SQL语句 ] : INSERT INTO `find_word_users` (`name`,`openid`,`avatar_url`,`login_time`) VALUES ('名字','openid','头像URL','1524052497')
ERR: 1062:Duplicate entry 'openid' for key 'openid'
 [ SQL语句 ] : INSERT INTO `find_word_users` (`name`,`openid`,`avatar_url`,`login_time`) VALUES ('名字','openid','头像URL','1524052497')

[ 2018-04-18T19:55:10+08:00 ] 127.0.0.1 /FindWord/Login/login
INFO: [ app_init ] --START--
INFO: Run Behavior\BuildLiteBehavior [ RunTime:0.000008s ]
INFO: [ app_init ] --END-- [ RunTime:0.000195s ]
ERR: 1062:Duplicate entry 'openid' for key 'openid'
 [ SQL语句 ] : INSERT INTO `find_word_users` (`name`,`openid`,`avatar_url`,`login_time`) VALUES ('名字','openid','头像URL','1524052510')
ERR: 1062:Duplicate entry 'openid' for key 'openid'
 [ SQL语句 ] : INSERT INTO `find_word_users` (`name`,`openid`,`avatar_url`,`login_time`) VALUES ('名字','openid','头像URL','1524052510')

[ 2018-04-18T19:55:28+08:00 ] 127.0.0.1 /FindWord/Login/login
INFO: [ app_init ] --START--
INFO: Run Behavior\BuildLiteBehavior [ RunTime:0.000007s ]
INFO: [ app_init ] --END-- [ RunTime:0.000230s ]

[ 2018-04-18T19:57:40+08:00 ] 127.0.0.1 /FindWord/Login/login
INFO: [ app_init ] --START--
INFO: Run Behavior\BuildLiteBehavior [ RunTime:0.000028s ]
INFO: [ app_init ] --END-- [ RunTime:0.000488s ]

[ 2018-04-18T19:58:05+08:00 ] 127.0.0.1 /FindWord/Login/login
INFO: [ app_init ] --START--
INFO: Run Behavior\BuildLiteBehavior [ RunTime:0.000009s ]
INFO: [ app_init ] --END-- [ RunTime:0.000206s ]

[ 2018-04-18T19:58:44+08:00 ] 127.0.0.1 /FindWord/Login/login
INFO: [ app_init ] --START--
INFO: Run Behavior\BuildLiteBehavior [ RunTime:0.000008s ]
INFO: [ app_init ] --END-- [ RunTime:0.000223s ]

[ 2018-04-18T19:59:23+08:00 ] 127.0.0.1 /FindWord/Login/login
INFO: [ app_init ] --START--
INFO: Run Behavior\BuildLiteBehavior [ RunTime:0.000009s ]
INFO: [ app_init ] --END-- [ RunTime:0.000277s ]

[ 2018-04-18T20:23:40+08:00 ] 127.0.0.1 /FindWord/Login/login
INFO: [ app_init ] --START--
INFO: Run Behavior\BuildLiteBehavior [ RunTime:0.000007s ]
INFO: [ app_init ] --END-- [ RunTime:0.000247s ]

[ 2018-04-18T20:24:11+08:00 ] 127.0.0.1 /FindWord/Login/login
INFO: [ app_init ] --START--
INFO: Run Behavior\BuildLiteBehavior [ RunTime:0.000011s ]
INFO: [ app_init ] --END-- [ RunTime:0.000297s ]

[ 2018-04-18T20:24:27+08:00 ] 127.0.0.1 /FindWord/Login/login
INFO: [ app_init ] --START--
INFO: Run Behavior\BuildLiteBehavior [ RunTime:0.000010s ]
INFO: [ app_init ] --END-- [ RunTime:0.000287s ]

[ 2018-04-18T20:24:37+08:00 ] 127.0.0.1 /FindWord/Login/login
INFO: [ app_init ] --START--
INFO: Run Behavior\BuildLiteBehavior [ RunTime:0.000007s ]
INFO: [ app_init ] --END-- [ RunTime:0.000199s ]

[ 2018-04-18T20:25:08+08:00 ] 127.0.0.1 /FindWord/Login/login
INFO: [ app_init ] --START--
INFO: Run Behavior\BuildLiteBehavior [ RunTime:0.000007s ]
INFO: [ app_init ] --END-- [ RunTime:0.000198s ]

[ 2018-04-18T20:25:31+08:00 ] 127.0.0.1 /FindWord/Login/login
INFO: [ app_init ] --START--
INFO: Run Behavior\BuildLiteBehavior [ RunTime:0.000009s ]
INFO: [ app_init ] --END-- [ RunTime:0.000204s ]

[ 2018-04-18T20:25:33+08:00 ] 127.0.0.1 /FindWord/Login/login
INFO: [ app_init ] --START--
INFO: Run Behavior\BuildLiteBehavior [ RunTime:0.000007s ]
INFO: [ app_init ] --END-- [ RunTime:0.000196s ]

[ 2018-04-18T20:25:50+08:00 ] 127.0.0.1 /FindWord/Login/login
INFO: [ app_init ] --START--
INFO: Run Behavior\BuildLiteBehavior [ RunTime:0.000007s ]
INFO: [ app_init ] --END-- [ RunTime:0.000232s ]

[ 2018-04-18T20:25:51+08:00 ] 127.0.0.1 /FindWord/Login/login
INFO: [ app_init ] --START--
INFO: Run Behavior\BuildLiteBehavior [ RunTime:0.000007s ]
INFO: [ app_init ] --END-- [ RunTime:0.000194s ]

[ 2018-04-18T20:25:51+08:00 ] 127.0.0.1 /FindWord/Login/login
INFO: [ app_init ] --START--
INFO: Run Behavior\BuildLiteBehavior [ RunTime:0.000007s ]
INFO: [ app_init ] --END-- [ RunTime:0.000207s ]

[ 2018-04-18T20:25:52+08:00 ] 127.0.0.1 /FindWord/Login/login
INFO: [ app_init ] --START--
INFO: Run Behavior\BuildLiteBehavior [ RunTime:0.000007s ]
INFO: [ app_init ] --END-- [ RunTime:0.000192s ]

[ 2018-04-18T20:26:46+08:00 ] 127.0.0.1 /FindWord/Login/login
INFO: [ app_init ] --START--
INFO: Run Behavior\BuildLiteBehavior [ RunTime:0.000007s ]
INFO: [ app_init ] --END-- [ RunTime:0.000243s ]

[ 2018-04-18T20:26:49+08:00 ] 127.0.0.1 /FindWord/Login/login
INFO: [ app_init ] --START--
INFO: Run Behavior\BuildLiteBehavior [ RunTime:0.000007s ]
INFO: [ app_init ] --END-- [ RunTime:0.000237s ]

[ 2018-04-18T20:27:45+08:00 ] 127.0.0.1 /FindWord/Login/login
INFO: [ app_init ] --START--
INFO: Run Behavior\BuildLiteBehavior [ RunTime:0.000009s ]
INFO: [ app_init ] --END-- [ RunTime:0.000266s ]

[ 2018-04-18T20:28:09+08:00 ] 127.0.0.1 /FindWord/Login/login
INFO: [ app_init ] --START--
INFO: Run Behavior\BuildLiteBehavior [ RunTime:0.000007s ]
INFO: [ app_init ] --END-- [ RunTime:0.000240s ]

[ 2018-04-18T20:28:35+08:00 ] 127.0.0.1 /FindWord/Login/login
INFO: [ app_init ] --START--
INFO: Run Behavior\BuildLiteBehavior [ RunTime:0.000016s ]
INFO: [ app_init ] --END-- [ RunTime:0.000282s ]

[ 2018-04-18T20:28:52+08:00 ] 127.0.0.1 /FindWord/Login/login
INFO: [ app_init ] --START--
INFO: Run Behavior\BuildLiteBehavior [ RunTime:0.000008s ]
INFO: [ app_init ] --END-- [ RunTime:0.000228s ]

[ 2018-04-18T20:29:35+08:00 ] 127.0.0.1 /FindWord/Login/login
INFO: [ app_init ] --START--
INFO: Run Behavior\BuildLiteBehavior [ RunTime:0.000008s ]
INFO: [ app_init ] --END-- [ RunTime:0.000273s ]

[ 2018-04-18T20:29:57+08:00 ] 127.0.0.1 /FindWord/Login/login
INFO: [ app_init ] --START--
INFO: Run Behavior\BuildLiteBehavior [ RunTime:0.000009s ]
INFO: [ app_init ] --END-- [ RunTime:0.000274s ]

[ 2018-04-18T20:53:54+08:00 ] 127.0.0.1 /FindWord/Login/login
INFO: [ app_init ] --START--
INFO: Run Behavior\BuildLiteBehavior [ RunTime:0.000012s ]
INFO: [ app_init ] --END-- [ RunTime:0.000440s ]

[ 2018-04-18T20:54:19+08:00 ] 127.0.0.1 /FindWord/Login/login
INFO: [ app_init ] --START--
INFO: Run Behavior\BuildLiteBehavior [ RunTime:0.000009s ]
INFO: [ app_init ] --END-- [ RunTime:0.000243s ]

[ 2018-04-18T20:55:01+08:00 ] 127.0.0.1 /FindWord/Login/login
INFO: [ app_init ] --START--
INFO: Run Behavior\BuildLiteBehavior [ RunTime:0.000010s ]
INFO: [ app_init ] --END-- [ RunTime:0.000235s ]

