[ 2018-05-03T11:30:11+08:00 ] ::1 /weChat/index.php/confuse/login/set_session
INFO: [ app_init ] --START--
INFO: Run Behavior\BuildLiteBehavior [ RunTime:0.000009s ]
INFO: [ app_init ] --END-- [ RunTime:0.000883s ]

[ 2018-05-03T11:30:16+08:00 ] ::1 /weChat/index.php/confuse/login/login
INFO: [ app_init ] --START--
INFO: Run Behavior\BuildLiteBehavior [ RunTime:0.000006s ]
INFO: [ app_init ] --END-- [ RunTime:0.000233s ]

[ 2018-05-03T11:31:06+08:00 ] ::1 /weChat/index.php/confuse/login/login
INFO: [ app_init ] --START--
INFO: Run Behavior\BuildLiteBehavior [ RunTime:0.000007s ]
INFO: [ app_init ] --END-- [ RunTime:0.000235s ]

[ 2018-05-03T11:31:18+08:00 ] ::1 /weChat/index.php/confuse/login/login
INFO: [ app_init ] --START--
INFO: Run Behavior\BuildLiteBehavior [ RunTime:0.000007s ]
INFO: [ app_init ] --END-- [ RunTime:0.000278s ]

[ 2018-05-03T11:31:26+08:00 ] ::1 /weChat/index.php/confuse/login/login
INFO: [ app_init ] --START--
INFO: Run Behavior\BuildLiteBehavior [ RunTime:0.000006s ]
INFO: [ app_init ] --END-- [ RunTime:0.000265s ]

[ 2018-05-03T11:32:06+08:00 ] ::1 /weChat/index.php/confuse/login/login
INFO: [ app_init ] --START--
INFO: Run Behavior\BuildLiteBehavior [ RunTime:0.000007s ]
INFO: [ app_init ] --END-- [ RunTime:0.000234s ]

[ 2018-05-03T11:33:31+08:00 ] ::1 /weChat/index.php/confuse/login/login
INFO: [ app_init ] --START--
INFO: Run Behavior\BuildLiteBehavior [ RunTime:0.000006s ]
INFO: [ app_init ] --END-- [ RunTime:0.000268s ]

[ 2018-05-03T11:34:52+08:00 ] ::1 /weChat/index.php/confuse/login/login
INFO: [ app_init ] --START--
INFO: Run Behavior\BuildLiteBehavior [ RunTime:0.000007s ]
INFO: [ app_init ] --END-- [ RunTime:0.000233s ]

[ 2018-05-03T11:35:10+08:00 ] ::1 /weChat/index.php/confuse/login/login
INFO: [ app_init ] --START--
INFO: Run Behavior\BuildLiteBehavior [ RunTime:0.000020s ]
INFO: [ app_init ] --END-- [ RunTime:0.000577s ]

[ 2018-05-03T11:35:30+08:00 ] ::1 /weChat/index.php/confuse/login/login
INFO: [ app_init ] --START--
INFO: Run Behavior\BuildLiteBehavior [ RunTime:0.000020s ]
INFO: [ app_init ] --END-- [ RunTime:0.000261s ]

[ 2018-05-03T11:35:43+08:00 ] ::1 /weChat/index.php/confuse/login/login
INFO: [ app_init ] --START--
INFO: Run Behavior\BuildLiteBehavior [ RunTime:0.000008s ]
INFO: [ app_init ] --END-- [ RunTime:0.000249s ]

[ 2018-05-03T11:36:14+08:00 ] ::1 /weChat/index.php/confuse/login/login
INFO: [ app_init ] --START--
INFO: Run Behavior\BuildLiteBehavior [ RunTime:0.000007s ]
INFO: [ app_init ] --END-- [ RunTime:0.000239s ]

[ 2018-05-03T11:36:15+08:00 ] ::1 /weChat/index.php/confuse/login/login
INFO: [ app_init ] --START--
INFO: Run Behavior\BuildLiteBehavior [ RunTime:0.000007s ]
INFO: [ app_init ] --END-- [ RunTime:0.000232s ]

[ 2018-05-03T11:37:00+08:00 ] ::1 /weChat/index.php/confuse/login/login
INFO: [ app_init ] --START--
INFO: Run Behavior\BuildLiteBehavior [ RunTime:0.000007s ]
INFO: [ app_init ] --END-- [ RunTime:0.000241s ]

[ 2018-05-03T11:37:50+08:00 ] ::1 /weChat/index.php/confuse/login/login
INFO: [ app_init ] --START--
INFO: Run Behavior\BuildLiteBehavior [ RunTime:0.000007s ]
INFO: [ app_init ] --END-- [ RunTime:0.000239s ]

